# Server version 0.08 running on 192.168.1.160:8123
# Game ID: 5
# Board class: halma.CCBoard
# Timeout: 300000
# Date: Sat Mar 15 15:47:33 EDT 2014
# Player 1: Player-0, 'random', running on localhost
# Player 2: Player-1, 'Human', running on 192.168.1.160
# Player 3: Player-2, 'random', running on 192.168.1.160
# Player 4: Player-3, 'random', running on 192.168.1.160
START Player-0 random
START Player-1 Human
START Player-2 random
START Player-3 random
0 (3,1) (4,2)
1 (13,1) (12,2)
2 (2,13) (3,13)
3 (12,15) (11,14)
0 (1,3) (3,1)
0 (3,1) (5,3)
0 (5,3) (3,1)
0 (3,1) (5,3)
0 null null
